[debug] [2019-12-07T01:39:33.159Z] ----------------------------------------------------------------------
[debug] [2019-12-07T01:39:33.161Z] Command:       C:\Program Files\nodejs\node.exe C:\Users\ALIM\AppData\Roaming\npm\node_modules\firebase-tools\lib\bin\firebase.js auth
[debug] [2019-12-07T01:39:33.161Z] CLI Version:   7.8.1
[debug] [2019-12-07T01:39:33.161Z] Platform:      win32
[debug] [2019-12-07T01:39:33.161Z] Node Version:  v12.10.0
[debug] [2019-12-07T01:39:33.162Z] Time:          Sat Dec 07 2019 02:39:33 GMT+0100 (GMT+01:00)
[debug] [2019-12-07T01:39:33.163Z] ----------------------------------------------------------------------
[debug] [2019-12-07T01:39:33.163Z] 
[error] Error: [object Object] is not a Firebase command
[debug] [2019-12-07T01:39:33.306Z] TypeError: str.toLowerCase is not a function
    at didYouMean (C:\Users\ALIM\AppData\Roaming\npm\node_modules\firebase-tools\node_modules\didyoumean\didYouMean-1.2.1.js:147:48)
    at suggestCommands (C:\Users\ALIM\AppData\Roaming\npm\node_modules\firebase-tools\lib\index.js:28:22)
    at Command.<anonymous> (C:\Users\ALIM\AppData\Roaming\npm\node_modules\firebase-tools\lib\index.js:57:14)
    at Command.listener (C:\Users\ALIM\AppData\Roaming\npm\node_modules\firebase-tools\node_modules\commander\index.js:360:8)
    at Command.emit (events.js:209:13)
    at Command.EventEmitter.emit (domain.js:476:20)
    at Command.parseArgs (C:\Users\ALIM\AppData\Roaming\npm\node_modules\firebase-tools\node_modules\commander\index.js:801:12)
    at Command.parse (C:\Users\ALIM\AppData\Roaming\npm\node_modules\firebase-tools\node_modules\commander\index.js:563:21)
    at Object.<anonymous> (C:\Users\ALIM\AppData\Roaming\npm\node_modules\firebase-tools\lib\bin\firebase.js:98:22)
    at Module._compile (internal/modules/cjs/loader.js:936:30)
    at Object.Module._extensions..js (internal/modules/cjs/loader.js:947:10)
    at Module.load (internal/modules/cjs/loader.js:790:32)
    at Function.Module._load (internal/modules/cjs/loader.js:703:12)
    at Function.Module.runMain (internal/modules/cjs/loader.js:999:10)
    at internal/main/run_main_module.js:17:11
[error] 
[error] Error: An unexpected error has occurred.
